<?xml version="1.0" encoding="UTF-8"?>
<!-- Generated by org.testng.reporters.JUnitReportReporter -->
<testsuite hostname="DESKTOP-PTK79Q3" failures="0" tests="2" name="com.bitm.OrangeHRMAutomation.Test.LoginTest" time="26.913" errors="0" timestamp="2020-04-03T15:54:39 OMST" skipped="0">
  <testcase classname="com.bitm.OrangeHRMAutomation.Test.LoginTest" name="checkloginpagetitle" time="23.289"/>
  <system-out/>
  <testcase classname="com.bitm.OrangeHRMAutomation.Test.LoginTest" name="logintest" time="3.624"/>
  <system-out/>
</testsuite> <!-- com.bitm.OrangeHRMAutomation.Test.LoginTest -->
